<?xml version="1.0" encoding="UTF-8"?>
<!-- Generated by org.testng.reporters.JUnitXMLReporter -->
<testsuite hostname="shantanu-pc" ignored="0" name="Test 1" tests="3" failures="0" timestamp="15 Jun 2018 11:06:13 GMT" time="100.348" errors="0">
  <testcase name="loginCheck" time="27.844" classname="com.zimplistic.rotimatic.testcases.parallelPOC"/>
  <testcase name="testLogin" time="17.623" classname="com.zimplistic.rotimatic.testcases.parallelPOC"/>
  <testcase name="settingsScreen" time="12.949" classname="com.zimplistic.rotimatic.testcases.parallelPOC"/>
</testsuite> <!-- Test 1 -->
