<?xml version="1.0" encoding="UTF-8"?>
<!-- Generated by org.testng.reporters.JUnitXMLReporter -->
<testsuite hostname="shantanu-pc" ignored="0" name="Test on Moto G5" tests="3" failures="0" timestamp="19 Jun 2018 11:38:25 GMT" time="104.781" errors="0">
  <testcase name="loginCheck" time="28.388" classname="com.zimplistic.rotimatic.testcases.parallelPOC"/>
  <testcase name="testLogin" time="18.02" classname="com.zimplistic.rotimatic.testcases.parallelPOC"/>
  <testcase name="settingsScreen" time="10.822" classname="com.zimplistic.rotimatic.testcases.parallelPOC"/>
</testsuite> <!-- Test on Moto G5 -->
