<?xml version="1.0" encoding="UTF-8"?>
<!-- Generated by org.testng.reporters.JUnitXMLReporter -->
<testsuite hostname="shantanu-pc" ignored="0" name="Test on Pixel 2 XL" tests="4" failures="0" timestamp="29 Jun 2018 09:01:27 GMT" time="131.054" errors="0">
  <testcase name="setup" time="18.183" classname="com.zimplistic.rotimatic.testcases.RemoteControlWidget"/>
  <testcase name="testLogin" time="64.65" classname="com.zimplistic.rotimatic.testcases.RemoteControlWidget"/>
  <testcase name="settingsScreen" time="39.807" classname="com.zimplistic.rotimatic.testcases.RemoteControlWidget"/>
  <testcase name="testRemoteControl" time="8.356" classname="com.zimplistic.rotimatic.testcases.RemoteControlWidget"/>
</testsuite> <!-- Test on Pixel 2 XL -->
