<?xml version="1.0" encoding="UTF-8"?>
<!-- Generated by org.testng.reporters.JUnitXMLReporter -->
<testsuite hostname="shantanu-pc" ignored="0" name="Test on Samsung S7" tests="3" failures="3" timestamp="15 Jun 2018 13:24:57 GMT" time="71.553" errors="0">
  <testcase name="@AfterTest teardown" time="3.002" classname="com.zimplistic.rotimatic.testcases.parallelPOC">
    <failure type="java.lang.NullPointerException">
      <![CDATA[java.lang.NullPointerException
at com.zimplistic.rotimatic.testcases.parallelPOC.signOut(parallelPOC.java:298)
at com.zimplistic.rotimatic.testcases.parallelPOC.teardown(parallelPOC.java:351)
at java.util.concurrent.FutureTask.run(Unknown Source)
at java.util.concurrent.ThreadPoolExecutor.runWorker(Unknown Source)
at java.util.concurrent.ThreadPoolExecutor$Worker.run(Unknown Source)
at java.lang.Thread.run(Unknown Source)
... Removed 15 stack frames]]>
    </failure>
  </testcase> <!-- @AfterTest teardown -->
  <testcase name="loginCheck" time="0.01" classname="com.zimplistic.rotimatic.testcases.parallelPOC">
    <failure type="java.lang.NullPointerException">
      <![CDATA[java.lang.NullPointerException
at com.zimplistic.rotimatic.testcases.parallelPOC.loginCheck(parallelPOC.java:196)
at java.util.concurrent.FutureTask.run(Unknown Source)
at java.util.concurrent.ThreadPoolExecutor.runWorker(Unknown Source)
at java.util.concurrent.ThreadPoolExecutor$Worker.run(Unknown Source)
at java.lang.Thread.run(Unknown Source)
... Removed 16 stack frames]]>
    </failure>
  </testcase> <!-- loginCheck -->
  <testcase name="testLogin" time="0.0" classname="com.zimplistic.rotimatic.testcases.parallelPOC">
    <failure type="java.lang.NullPointerException">
      <![CDATA[java.lang.NullPointerException
at com.zimplistic.rotimatic.testcases.parallelPOC.testLogin(parallelPOC.java:240)
at java.util.concurrent.FutureTask.run(Unknown Source)
at java.util.concurrent.ThreadPoolExecutor.runWorker(Unknown Source)
at java.util.concurrent.ThreadPoolExecutor$Worker.run(Unknown Source)
at java.lang.Thread.run(Unknown Source)
... Removed 16 stack frames]]>
    </failure>
  </testcase> <!-- testLogin -->
  <testcase name="settingsScreen" time="5.006" classname="com.zimplistic.rotimatic.testcases.parallelPOC">
    <failure type="java.lang.NullPointerException">
      <![CDATA[java.lang.NullPointerException
at com.zimplistic.rotimatic.testcases.parallelPOC.settingsScreen(parallelPOC.java:320)
at java.util.concurrent.FutureTask.run(Unknown Source)
at java.util.concurrent.ThreadPoolExecutor.runWorker(Unknown Source)
at java.util.concurrent.ThreadPoolExecutor$Worker.run(Unknown Source)
at java.lang.Thread.run(Unknown Source)
... Removed 16 stack frames]]>
    </failure>
  </testcase> <!-- settingsScreen -->
</testsuite> <!-- Test on Samsung S7 -->
