<?xml version="1.0" encoding="UTF-8"?>
<!-- Generated by org.testng.reporters.JUnitXMLReporter -->
<testsuite hostname="shantanu-pc" ignored="0" name="Test on Samsunag A3" tests="3" failures="0" timestamp="18 Jun 2018 06:26:18 GMT" time="97.375" errors="0">
  <testcase name="@BeforeTest setup" time="94.342" classname="com.zimplistic.rotimatic.testcases.parallelPOC">
    <failure type="java.lang.AssertionError" message="Appium server setup failed">
      <![CDATA[java.lang.AssertionError: Appium server setup failed
at com.zimplistic.rotimatic.testcases.parallelPOC.setup(parallelPOC.java:119)
at java.util.concurrent.FutureTask.run(Unknown Source)
at java.util.concurrent.ThreadPoolExecutor.runWorker(Unknown Source)
at java.util.concurrent.ThreadPoolExecutor$Worker.run(Unknown Source)
at java.lang.Thread.run(Unknown Source)
... Removed 16 stack frames]]>
    </failure>
  </testcase> <!-- @BeforeTest setup -->
  <testcase name="@AfterTest teardown" time="3.0" classname="com.zimplistic.rotimatic.testcases.parallelPOC">
    <failure type="java.lang.NullPointerException">
      <![CDATA[java.lang.NullPointerException
at com.zimplistic.rotimatic.testcases.parallelPOC.signOut(parallelPOC.java:301)
at com.zimplistic.rotimatic.testcases.parallelPOC.teardown(parallelPOC.java:354)
at java.util.concurrent.FutureTask.run(Unknown Source)
at java.util.concurrent.ThreadPoolExecutor.runWorker(Unknown Source)
at java.util.concurrent.ThreadPoolExecutor$Worker.run(Unknown Source)
at java.lang.Thread.run(Unknown Source)
... Removed 15 stack frames]]>
    </failure>
  </testcase> <!-- @AfterTest teardown -->
  <testcase name="loginCheck" time="0.0" classname="com.zimplistic.rotimatic.testcases.parallelPOC">
    <skipped/>
  </testcase> <!-- loginCheck -->
  <testcase name="testLogin" time="0.0" classname="com.zimplistic.rotimatic.testcases.parallelPOC">
    <skipped/>
  </testcase> <!-- testLogin -->
  <testcase name="settingsScreen" time="0.0" classname="com.zimplistic.rotimatic.testcases.parallelPOC">
    <skipped/>
  </testcase> <!-- settingsScreen -->
</testsuite> <!-- Test on Samsunag A3 -->
