<?xml version="1.0" encoding="UTF-8"?>
<!-- Generated by org.testng.reporters.JUnitXMLReporter -->
<testsuite hostname="shantanu-pc" ignored="0" name="Test on Moto G5" tests="4" failures="1" timestamp="02 Jul 2018 15:06:13 GMT" time="266.208" errors="0">
  <testcase name="setup" time="26.633" classname="com.zimplistic.rotimatic.testcases.RemoteControlWidget"/>
  <testcase name="testLogin" time="45.656" classname="com.zimplistic.rotimatic.testcases.RemoteControlWidget"/>
  <testcase name="settingsScreen" time="49.516" classname="com.zimplistic.rotimatic.testcases.RemoteControlWidget"/>
  <testcase name="testRemoteControlState" time="144.304" classname="com.zimplistic.rotimatic.testcases.RemoteControlWidget">
    <failure type="org.openqa.selenium.NoSuchElementException" message="An element could not be located on the page using the given search parameters. (WARNING: The server did not provide any stacktrace information)
Command duration or timeout: 20.12 seconds
For documentation on this error, please visit: http://seleniumhq.org/exceptions/no_such_element.html
Build info: version: &amp;apos;2.53.0&amp;apos;, revision: &amp;apos;35ae25b&amp;apos;, time: &amp;apos;2016-03-15 17:00:58&amp;apos;
System info: host: &amp;apos;shantanu-pc&amp;apos;, ip: &amp;apos;169.254.224.138&amp;apos;, os.name: &amp;apos;Windows 7&amp;apos;, os.arch: &amp;apos;amd64&amp;apos;, os.version: &amp;apos;6.1&amp;apos;, java.version: &amp;apos;1.8.0_151&amp;apos;
Driver info: io.appium.java_client.android.AndroidDriver
Capabilities [{app=D:\Android\Sdk\build-tools\rc-4.6.apk, appPackage=com.zimplistic.rotimaticmobile, appActivity=com.zimplistic.rotimaticmobile.activity.SplashActivity, noReset=true, platformVersion=7.0, automationName=uiautomator2, unicodeKeyboard=false, udid=ZY3227XH6M, platformName=Android, deviceName=Android test, platform=ANY, systemPort=8299}]
Session ID: e896fafc-0273-4412-a97a-35c3d77963c3
*** Element info: {Using=xpath, value=//*[@text=&amp;apos;Cuelogic&amp;apos;]}">
      <![CDATA[org.openqa.selenium.NoSuchElementException: An element could not be located on the page using the given search parameters. (WARNING: The server did not provide any stacktrace information)
Command duration or timeout: 20.12 seconds
For documentation on this error, please visit: http://seleniumhq.org/exceptions/no_such_element.html
Build info: version: '2.53.0', revision: '35ae25b', time: '2016-03-15 17:00:58'
System info: host: 'shantanu-pc', ip: '169.254.224.138', os.name: 'Windows 7', os.arch: 'amd64', os.version: '6.1', java.version: '1.8.0_151'
Driver info: io.appium.java_client.android.AndroidDriver
Capabilities [{app=D:\Android\Sdk\build-tools\rc-4.6.apk, appPackage=com.zimplistic.rotimaticmobile, appActivity=com.zimplistic.rotimaticmobile.activity.SplashActivity, noReset=true, platformVersion=7.0, automationName=uiautomator2, unicodeKeyboard=false, udid=ZY3227XH6M, platformName=Android, deviceName=Android test, platform=ANY, systemPort=8299}]
Session ID: e896fafc-0273-4412-a97a-35c3d77963c3
*** Element info: {Using=xpath, value=//*[@text='Cuelogic']}
at org.openqa.selenium.remote.ErrorHandler.createThrowable(ErrorHandler.java:206)
at org.openqa.selenium.remote.ErrorHandler.throwIfResponseFailed(ErrorHandler.java:158)
at org.openqa.selenium.remote.RemoteWebDriver.execute(RemoteWebDriver.java:678)
at io.appium.java_client.DefaultGenericMobileDriver.execute(DefaultGenericMobileDriver.java:40)
at io.appium.java_client.AppiumDriver.execute(AppiumDriver.java:1)
at io.appium.java_client.android.AndroidDriver.execute(AndroidDriver.java:1)
at org.openqa.selenium.remote.RemoteWebDriver.findElement(RemoteWebDriver.java:363)
at io.appium.java_client.DefaultGenericMobileDriver.findElement(DefaultGenericMobileDriver.java:56)
at io.appium.java_client.AppiumDriver.findElement(AppiumDriver.java:1)
at io.appium.java_client.android.AndroidDriver.findElement(AndroidDriver.java:1)
at org.openqa.selenium.remote.RemoteWebDriver.findElementByXPath(RemoteWebDriver.java:500)
at io.appium.java_client.DefaultGenericMobileDriver.findElementByXPath(DefaultGenericMobileDriver.java:134)
at io.appium.java_client.AppiumDriver.findElementByXPath(AppiumDriver.java:1)
at io.appium.java_client.android.AndroidDriver.findElementByXPath(AndroidDriver.java:1)
at com.zimplistic.rotimatic.testcases.RemoteControlWidget.configureToRotimaticFromHomeScreen(RemoteControlWidget.java:315)
at com.zimplistic.rotimatic.testcases.RemoteControlWidget.testRemoteControlState(RemoteControlWidget.java:202)
at java.util.concurrent.FutureTask.run(Unknown Source)
at java.util.concurrent.ThreadPoolExecutor.runWorker(Unknown Source)
at java.util.concurrent.ThreadPoolExecutor$Worker.run(Unknown Source)
at java.lang.Thread.run(Unknown Source)
... Removed 20 stack frames]]>
    </failure>
  </testcase> <!-- testRemoteControlState -->
</testsuite> <!-- Test on Moto G5 -->
